[debug] [2021-12-22T22:29:01.910Z] ----------------------------------------------------------------------
[debug] [2021-12-22T22:29:01.913Z] Command:       C:\Program Files\nodejs\node.exe C:\Users\vipcomp\AppData\Roaming\npm\node_modules\firebase-tools\lib\bin\firebase.js init
[debug] [2021-12-22T22:29:01.914Z] CLI Version:   10.0.1
[debug] [2021-12-22T22:29:01.914Z] Platform:      win32
[debug] [2021-12-22T22:29:01.914Z] Node Version:  v16.13.0
[debug] [2021-12-22T22:29:01.916Z] Time:          Thu Dec 23 2021 00:29:01 GMT+0200 (Eastern European Standard Time)
[debug] [2021-12-22T22:29:01.916Z] ----------------------------------------------------------------------
[debug] 
[debug] [2021-12-22T22:29:01.993Z] > command requires scopes: ["email","openid","https://www.googleapis.com/auth/cloudplatformprojects.readonly","https://www.googleapis.com/auth/firebase","https://www.googleapis.com/auth/cloud-platform"]
[debug] [2021-12-22T22:29:01.994Z] > authorizing via signed-in user (mohamedsarhan602@gmail.com)
[info] 
     ######## #### ########  ######## ########     ###     ######  ########
     ##        ##  ##     ## ##       ##     ##  ##   ##  ##       ##
     ######    ##  ########  ######   ########  #########  ######  ######
     ##        ##  ##    ##  ##       ##     ## ##     ##       ## ##
     ##       #### ##     ## ######## ########  ##     ##  ######  ########

You're about to initialize a Firebase project in this directory:

  F:\React\React Ideas\React Shopping Cart\e-commerce-app

Before we get started, keep in mind:

  * You are initializing within an existing Firebase project directory

[info] 
=== Project Setup
[info] 
[info] First, let's associate this project directory with a Firebase project.
[info] You can create multiple project aliases by running firebase use --add, 
[info] but for now we'll just set up a default project.
[info] 
[debug] [2021-12-22T22:29:26.625Z] Using project from CLI flag: ms14-e-commerce
[debug] [2021-12-22T22:29:26.629Z] >>> [apiv2][query] GET https://firebase.googleapis.com/v1beta1/projects/ms14-e-commerce [none]
[debug] [2021-12-22T22:29:27.023Z] <<< [apiv2][status] GET https://firebase.googleapis.com/v1beta1/projects/ms14-e-commerce 200
[debug] [2021-12-22T22:29:27.024Z] <<< [apiv2][body] GET https://firebase.googleapis.com/v1beta1/projects/ms14-e-commerce {"projectId":"ms14-e-commerce","projectNumber":"275526036021","displayName":"MS14-E-commerce","name":"projects/ms14-e-commerce","resources":{"hostingSite":"ms14-e-commerce"},"state":"ACTIVE"}
[info] i  Using project ms14-e-commerce (MS14-E-commerce) 
[info] 
=== Hosting Setup
[info] 
[info] Your public directory is the folder (relative to your project directory) that
[info] will contain Hosting assets to be uploaded with firebase deploy. If you
[info] have a build process for your assets, use your build's output directory.
[info] 
